<?xml version="1.0" encoding="UTF-8"?>
<testsuite xmlns:xsi="http://www.w3.org/2001/XMLSchema-instance" xsi:noNamespaceSchemaLocation="https://maven.apache.org/surefire/maven-surefire-plugin/xsd/surefire-test-report-3.0.xsd" version="3.0" name="muon.AppTest" time="0.01" tests="1" errors="0" skipped="0" failures="0">
  <properties>
    <property name="java.specification.version" value="19"/>
    <property name="sun.jnu.encoding" value="UTF-8"/>
    <property name="java.class.path" value="/Users/subhro/.m2/repository/org/apache/maven/surefire/surefire-booter/3.0.0-M3/surefire-booter-3.0.0-M3.jar:/Users/subhro/.m2/repository/org/apache/maven/surefire/surefire-api/3.0.0-M3/surefire-api-3.0.0-M3.jar:/Users/subhro/.m2/repository/org/apache/maven/surefire/surefire-logger-api/3.0.0-M3/surefire-logger-api-3.0.0-M3.jar:/Users/subhro/Projects/java-projects/snowflake/app/target/test-classes:/Users/subhro/Projects/java-projects/snowflake/app/target/classes:/Users/subhro/.m2/repository/muon-jediterm/muon-jediterm/0.0.1-SNAPSHOT/muon-jediterm-0.0.1-SNAPSHOT.jar:/Users/subhro/.m2/repository/org/apache/logging/log4j/log4j-1.2-api/2.13.0/log4j-1.2-api-2.13.0.jar:/Users/subhro/.m2/repository/org/apache/logging/log4j/log4j-api/2.13.0/log4j-api-2.13.0.jar:/Users/subhro/.m2/repository/junit/junit/4.13.2/junit-4.13.2.jar:/Users/subhro/.m2/repository/org/hamcrest/hamcrest-core/1.3/hamcrest-core-1.3.jar:/Users/subhro/.m2/repository/org/slf4j/slf4j-api/1.7.30/slf4j-api-1.7.30.jar:/Users/subhro/.m2/repository/com/fasterxml/jackson/core/jackson-databind/2.10.1/jackson-databind-2.10.1.jar:/Users/subhro/.m2/repository/com/fasterxml/jackson/core/jackson-annotations/2.10.1/jackson-annotations-2.10.1.jar:/Users/subhro/.m2/repository/com/fasterxml/jackson/core/jackson-core/2.10.1/jackson-core-2.10.1.jar:/Users/subhro/.m2/repository/org/apache/sshd/sshd-core/2.10.0/sshd-core-2.10.0.jar:/Users/subhro/.m2/repository/org/slf4j/jcl-over-slf4j/1.7.32/jcl-over-slf4j-1.7.32.jar:/Users/subhro/.m2/repository/org/apache/sshd/sshd-sftp/2.10.0/sshd-sftp-2.10.0.jar:/Users/subhro/.m2/repository/org/apache/sshd/sshd-common/2.10.0/sshd-common-2.10.0.jar:/Users/subhro/.m2/repository/org/apache/sshd/sshd-scp/2.10.0/sshd-scp-2.10.0.jar:/Users/subhro/.m2/repository/org/apache/sshd/sshd-putty/2.10.0/sshd-putty-2.10.0.jar:/Users/subhro/.m2/repository/org/apache/sshd/sshd-openpgp/2.10.0/sshd-openpgp-2.10.0.jar:/Users/subhro/.m2/repository/org/bouncycastle/bcpg-jdk18on/1.72/bcpg-jdk18on-1.72.jar:/Users/subhro/.m2/repository/org/bouncycastle/bcprov-jdk18on/1.72/bcprov-jdk18on-1.72.jar:/Users/subhro/.m2/repository/org/bouncycastle/bcpkix-jdk18on/1.72/bcpkix-jdk18on-1.72.jar:/Users/subhro/.m2/repository/org/bouncycastle/bcutil-jdk18on/1.72/bcutil-jdk18on-1.72.jar:/Users/subhro/.m2/repository/org/c02e/jpgpj/jpgpj/1.3/jpgpj-1.3.jar:/Users/subhro/.m2/repository/org/apache/maven/surefire/surefire-junit4/3.0.0-M3/surefire-junit4-3.0.0-M3.jar:/Users/subhro/.m2/repository/org/apache/maven/surefire/common-java5/3.0.0-M3/common-java5-3.0.0-M3.jar:/Users/subhro/.m2/repository/org/apache/maven/surefire/common-junit3/3.0.0-M3/common-junit3-3.0.0-M3.jar:/Users/subhro/.m2/repository/org/apache/maven/surefire/common-junit4/3.0.0-M3/common-junit4-3.0.0-M3.jar"/>
    <property name="java.vm.vendor" value="Oracle Corporation"/>
    <property name="sun.arch.data.model" value="64"/>
    <property name="java.vendor.url" value="https://java.oracle.com/"/>
    <property name="os.name" value="Mac OS X"/>
    <property name="java.vm.specification.version" value="19"/>
    <property name="sun.java.launcher" value="SUN_STANDARD"/>
    <property name="user.country" value="IN"/>
    <property name="sun.boot.library.path" value="/Users/subhro/Library/Java/JavaVirtualMachines/openjdk-19.0.2/Contents/Home/lib"/>
    <property name="sun.java.command" value="org.apache.maven.surefire.booter.ForkedBooter /Users/subhro/Projects/java-projects/snowflake/app/target/surefire 2023-08-27T09-34-28_226-jvmRun1 surefire10614477659196811263tmp surefire_08282862083570976243tmp"/>
    <property name="http.nonProxyHosts" value="local|*.local|169.254/16|*.169.254/16"/>
    <property name="jdk.debug" value="release"/>
    <property name="surefire.test.class.path" value="/Users/subhro/Projects/java-projects/snowflake/app/target/test-classes:/Users/subhro/Projects/java-projects/snowflake/app/target/classes:/Users/subhro/.m2/repository/muon-jediterm/muon-jediterm/0.0.1-SNAPSHOT/muon-jediterm-0.0.1-SNAPSHOT.jar:/Users/subhro/.m2/repository/org/apache/logging/log4j/log4j-1.2-api/2.13.0/log4j-1.2-api-2.13.0.jar:/Users/subhro/.m2/repository/org/apache/logging/log4j/log4j-api/2.13.0/log4j-api-2.13.0.jar:/Users/subhro/.m2/repository/junit/junit/4.13.2/junit-4.13.2.jar:/Users/subhro/.m2/repository/org/hamcrest/hamcrest-core/1.3/hamcrest-core-1.3.jar:/Users/subhro/.m2/repository/org/slf4j/slf4j-api/1.7.30/slf4j-api-1.7.30.jar:/Users/subhro/.m2/repository/com/fasterxml/jackson/core/jackson-databind/2.10.1/jackson-databind-2.10.1.jar:/Users/subhro/.m2/repository/com/fasterxml/jackson/core/jackson-annotations/2.10.1/jackson-annotations-2.10.1.jar:/Users/subhro/.m2/repository/com/fasterxml/jackson/core/jackson-core/2.10.1/jackson-core-2.10.1.jar:/Users/subhro/.m2/repository/org/apache/sshd/sshd-core/2.10.0/sshd-core-2.10.0.jar:/Users/subhro/.m2/repository/org/slf4j/jcl-over-slf4j/1.7.32/jcl-over-slf4j-1.7.32.jar:/Users/subhro/.m2/repository/org/apache/sshd/sshd-sftp/2.10.0/sshd-sftp-2.10.0.jar:/Users/subhro/.m2/repository/org/apache/sshd/sshd-common/2.10.0/sshd-common-2.10.0.jar:/Users/subhro/.m2/repository/org/apache/sshd/sshd-scp/2.10.0/sshd-scp-2.10.0.jar:/Users/subhro/.m2/repository/org/apache/sshd/sshd-putty/2.10.0/sshd-putty-2.10.0.jar:/Users/subhro/.m2/repository/org/apache/sshd/sshd-openpgp/2.10.0/sshd-openpgp-2.10.0.jar:/Users/subhro/.m2/repository/org/bouncycastle/bcpg-jdk18on/1.72/bcpg-jdk18on-1.72.jar:/Users/subhro/.m2/repository/org/bouncycastle/bcprov-jdk18on/1.72/bcprov-jdk18on-1.72.jar:/Users/subhro/.m2/repository/org/bouncycastle/bcpkix-jdk18on/1.72/bcpkix-jdk18on-1.72.jar:/Users/subhro/.m2/repository/org/bouncycastle/bcutil-jdk18on/1.72/bcutil-jdk18on-1.72.jar:/Users/subhro/.m2/repository/org/c02e/jpgpj/jpgpj/1.3/jpgpj-1.3.jar:"/>
    <property name="sun.cpu.endian" value="little"/>
    <property name="user.home" value="/Users/subhro"/>
    <property name="user.language" value="en"/>
    <property name="java.specification.vendor" value="Oracle Corporation"/>
    <property name="java.version.date" value="2023-01-17"/>
    <property name="java.home" value="/Users/subhro/Library/Java/JavaVirtualMachines/openjdk-19.0.2/Contents/Home"/>
    <property name="file.separator" value="/"/>
    <property name="basedir" value="/Users/subhro/Projects/java-projects/snowflake/app"/>
    <property name="java.vm.compressedOopsMode" value="Zero based"/>
    <property name="line.separator" value="&#10;"/>
    <property name="java.vm.specification.vendor" value="Oracle Corporation"/>
    <property name="java.specification.name" value="Java Platform API Specification"/>
    <property name="apple.awt.application.name" value="ForkedBooter"/>
    <property name="sun.management.compiler" value="HotSpot 64-Bit Tiered Compilers"/>
    <property name="ftp.nonProxyHosts" value="local|*.local|169.254/16|*.169.254/16"/>
    <property name="java.runtime.version" value="19.0.2+7-44"/>
    <property name="user.name" value="subhro"/>
    <property name="stdout.encoding" value="US-ASCII"/>
    <property name="path.separator" value=":"/>
    <property name="os.version" value="13.4.1"/>
    <property name="java.runtime.name" value="OpenJDK Runtime Environment"/>
    <property name="file.encoding" value="UTF-8"/>
    <property name="java.vm.name" value="OpenJDK 64-Bit Server VM"/>
    <property name="localRepository" value="/Users/subhro/.m2/repository"/>
    <property name="java.vendor.url.bug" value="https://bugreport.java.com/bugreport/"/>
    <property name="java.io.tmpdir" value="/var/folders/v6/hcjj0wh542dgzt083t_9lmx80000gn/T/"/>
    <property name="idea.version" value="2022.3.3"/>
    <property name="java.version" value="19.0.2"/>
    <property name="user.dir" value="/Users/subhro/Projects/java-projects/snowflake/app"/>
    <property name="os.arch" value="aarch64"/>
    <property name="java.vm.specification.name" value="Java Virtual Machine Specification"/>
    <property name="native.encoding" value="US-ASCII"/>
    <property name="java.library.path" value="/Users/subhro/Library/Java/Extensions:/Library/Java/Extensions:/Network/Library/Java/Extensions:/System/Library/Java/Extensions:/usr/lib/java:."/>
    <property name="java.vm.info" value="mixed mode, sharing"/>
    <property name="stderr.encoding" value="US-ASCII"/>
    <property name="java.vendor" value="Oracle Corporation"/>
    <property name="java.vm.version" value="19.0.2+7-44"/>
    <property name="sun.io.unicode.encoding" value="UnicodeBig"/>
    <property name="socksNonProxyHosts" value="local|*.local|169.254/16|*.169.254/16"/>
    <property name="java.class.version" value="63.0"/>
  </properties>
  <testcase name="testApp" classname="muon.AppTest" time="0.001"/>
</testsuite>